<?xml version="1.0" encoding="UTF-8"?>
<testsuite xmlns:xsi="http://www.w3.org/2001/XMLSchema-instance" xsi:noNamespaceSchemaLocation="https://maven.apache.org/surefire/maven-surefire-plugin/xsd/surefire-test-report-3.0.xsd" version="3.0" name="com.luxestay.homestay.HomestayApplicationTests" time="19.061" tests="1" errors="0" skipped="0" failures="0">
  <properties>
[...]
</properties>
  <testcase name="contextLoads" classname="com.luxestay.homestay.HomestayApplicationTests" time="2.588">
    <system-out><![CDATA[22:12:47.223 [main] INFO org.springframework.test.context.support.AnnotationConfigContextLoaderUtils -- Could not detect default configuration classes for test class [com.luxestay.homestay.HomestayApplicationTests]: HomestayApplicationTests does not declare any static, non-private, non-final, nested classes annotated with @Configuration.
22:12:47.465 [main] INFO org.springframework.boot.test.context.SpringBootTestContextBootstrapper -- Found @SpringBootConfiguration com.luxestay.homestay.HomestayApplication for test class com.luxestay.homestay.HomestayApplicationTests

  .   ____          _            __ _ _
 /\\ / ___'_ __ _ _(_)_ __  __ _ \ \ \ \
( ( )\___ | '_ | '_| | '_ \/ _` | \ \ \ \
 \\/  ___)| |_)| | | | | || (_| |  ) ) ) )
  '  |____| .__|_| |_|_| |_\__, | / / / /
 =========|_|==============|___/=/_/_/_/
 :: Spring Boot ::                (v3.2.5)

2026-06-30T22:12:48.596+07:00  INFO 10024 --- [           main] c.l.homestay.HomestayApplicationTests    : Starting HomestayApplicationTests using Java 25.0.3 with PID 10024 (started by nhat hao in E:\HomestayProject\backend)
2026-06-30T22:12:48.600+07:00  INFO 10024 --- [           main] c.l.homestay.HomestayApplicationTests    : No active profile set, falling back to 1 default profile: "default"
2026-06-30T22:12:50.923+07:00  INFO 10024 --- [           main] .s.d.r.c.RepositoryConfigurationDelegate : Bootstrapping Spring Data JPA repositories in DEFAULT mode.
2026-06-30T22:12:51.199+07:00  INFO 10024 --- [           main] .s.d.r.c.RepositoryConfigurationDelegate : Finished Spring Data repository scanning in 253 ms. Found 10 JPA repository interfaces.
2026-06-30T22:12:52.687+07:00  INFO 10024 --- [           main] o.hibernate.jpa.internal.util.LogHelper  : HHH000204: Processing PersistenceUnitInfo [name: default]
2026-06-30T22:12:52.826+07:00  INFO 10024 --- [           main] org.hibernate.Version                    : HHH000412: Hibernate ORM core version 6.4.4.Final
2026-06-30T22:12:52.904+07:00  INFO 10024 --- [           main] o.h.c.internal.RegionFactoryInitiator    : HHH000026: Second-level cache disabled
2026-06-30T22:12:53.543+07:00  INFO 10024 --- [           main] o.s.o.j.p.SpringPersistenceUnitInfo      : No LoadTimeWeaver setup: ignoring JPA class transformer
2026-06-30T22:12:53.602+07:00  INFO 10024 --- [           main] com.zaxxer.hikari.HikariDataSource       : HikariPool-1 - Starting...
2026-06-30T22:12:54.006+07:00  INFO 10024 --- [           main] com.zaxxer.hikari.pool.HikariPool        : HikariPool-1 - Added connection com.mysql.cj.jdbc.ConnectionImpl@165d1d54
2026-06-30T22:12:54.011+07:00  INFO 10024 --- [           main] com.zaxxer.hikari.HikariDataSource       : HikariPool-1 - Start completed.
2026-06-30T22:12:57.100+07:00  INFO 10024 --- [           main] o.h.e.t.j.p.i.JtaPlatformInitiator       : HHH000489: No JTA platform available (set 'hibernate.transaction.jta.platform' to enable JTA platform integration)
2026-06-30T22:12:57.456+07:00  INFO 10024 --- [           main] j.LocalContainerEntityManagerFactoryBean : Initialized JPA EntityManagerFactory for persistence unit 'default'
2026-06-30T22:12:58.492+07:00  INFO 10024 --- [           main] o.s.d.j.r.query.QueryEnhancerFactory     : Hibernate is in classpath; If applicable, HQL parser will be used.
2026-06-30T22:13:00.457+07:00  WARN 10024 --- [           main] JpaBaseConfiguration$JpaWebConfiguration : spring.jpa.open-in-view is enabled by default. Therefore, database queries may be performed during view rendering. Explicitly configure spring.jpa.open-in-view to disable this warning
2026-06-30T22:13:01.294+07:00  INFO 10024 --- [           main] o.s.s.web.DefaultSecurityFilterChain     : Will secure any request with [org.springframework.security.web.session.DisableEncodeUrlFilter@3ac726af, org.springframework.security.web.context.request.async.WebAsyncManagerIntegrationFilter@61e8fbfc, org.springframework.security.web.context.SecurityContextHolderFilter@1bc4ec31, org.springframework.security.web.header.HeaderWriterFilter@59a6a709, org.springframework.web.filter.CorsFilter@1a6804d1, org.springframework.security.web.authentication.logout.LogoutFilter@3f02095, org.springframework.security.oauth2.server.resource.web.authentication.BearerTokenAuthenticationFilter@5253aa21, org.springframework.security.web.savedrequest.RequestCacheAwareFilter@41e5450f, org.springframework.security.web.servletapi.SecurityContextHolderAwareRequestFilter@5677b9e3, org.springframework.security.web.authentication.AnonymousAuthenticationFilter@2ea55742, org.springframework.security.web.access.ExceptionTranslationFilter@747bf7a, org.springframework.security.web.access.intercept.AuthorizationFilter@6ab35ce3]
2026-06-30T22:13:02.316+07:00  INFO 10024 --- [           main] c.l.homestay.HomestayApplicationTests    : Started HomestayApplicationTests in 14.473 seconds (process running for 17.127)
Hibernate: select count(*) from user u1_0
Hibernate: select count(*) from homestay h1_0
Hibernate: select u1_0.id,u1_0.dob,u1_0.email,u1_0.full_name,u1_0.password,u1_0.phone,u1_0.sex,u1_0.username from user u1_0 where u1_0.username=?
====================================================
Match 12345678: false
Generated for 12345678: $2a$10$ErmeLyWxKos2phKkrcbu3emUZxhB0N8If13rW.JEE4WmUKV.Wo0M.
====================================================
]]></system-out>
    <system-err><![CDATA[WARNING: A Java agent has been loaded dynamically (C:\Users\nhat hao\.m2\repository\net\bytebuddy\byte-buddy-agent\1.14.13\byte-buddy-agent-1.14.13.jar)
WARNING: If a serviceability tool is in use, please run with -XX:+EnableDynamicAgentLoading to hide this warning
WARNING: If a serviceability tool is not in use, please run with -Djdk.instrument.traceUsage for more information
WARNING: Dynamic loading of agents will be disallowed by default in a future release
]]></system-err>
  </testcase>
</testsuite>